#
# There is insufficient memory for the Java Runtime Environment to continue.
# Native memory allocation (malloc) failed to allocate 1492656 bytes for Chunk::new
# Possible reasons:
#   The system is out of physical RAM or swap space
#   In 32 bit mode, the process size limit was hit
# Possible solutions:
#   Reduce memory load on the system
#   Increase physical memory or swap space
#   Check if swap backing store is full
#   Use 64 bit Java on a 64 bit OS
#   Decrease Java heap size (-Xmx/-Xms)
#   Decrease number of Java threads
#   Decrease Java thread stack sizes (-Xss)
#   Set larger code cache with -XX:ReservedCodeCacheSize=
# This output file may be truncated or incomplete.
#
#  Out of Memory Error (allocation.cpp:390), pid=13740, tid=0x000000000000183c
#
# JRE version: OpenJDK Runtime Environment (8.0_152-b01) (build 1.8.0_152-release-915-b01)
# Java VM: OpenJDK 64-Bit Server VM (25.152-b01 mixed mode windows-amd64 compressed oops)
# Failed to write core dump. Minidumps are not enabled by default on client versions of Windows
#

---------------  T H R E A D  ---------------

Current thread (0x0000000018f9b800):  JavaThread "C2 CompilerThread0" daemon [_thread_in_native, id=6204, stack(0x000000001a8b0000,0x000000001a9b0000)]

Stack: [0x000000001a8b0000,0x000000001a9b0000]
[error occurred during error reporting (printing stack bounds), id 0xc0000005]

Native frames: (J=compiled Java code, j=interpreted, Vv=VM code, C=native code)


Current CompileTask:
C2:  13266 5866       4       sun.reflect.generics.parser.SignatureParser::parsePackageNameAndSimpleClassTypeSignature (139 bytes)


---------------  P R O C E S S  ---------------

Java Threads: ( => current thread )
  0x000000001b1e7800 JavaThread "Memory manager" [_thread_blocked, id=11552, stack(0x0000000023550000,0x0000000023650000)]
  0x000000001ebe2000 JavaThread "build operations Thread 4" [_thread_blocked, id=1036, stack(0x0000000022e50000,0x0000000022f50000)]
  0x000000001ebe1800 JavaThread "build operations Thread 3" [_thread_blocked, id=9440, stack(0x0000000022d50000,0x0000000022e50000)]
  0x000000001ebe3800 JavaThread "build operations Thread 2" [_thread_blocked, id=388, stack(0x0000000022c50000,0x0000000022d50000)]
  0x000000001ebe3000 JavaThread "build operations" [_thread_blocked, id=10212, stack(0x0000000020f20000,0x0000000021020000)]
  0x000000001ebe7800 JavaThread "Cache worker for Artifact transforms cache (C:\Users\Mi HD\.gradle\caches\transforms-1)" [_thread_blocked, id=1308, stack(0x000000001fd70000,0x000000001fe70000)]
  0x000000001c4de000 JavaThread "Cache worker for file hash cache (D:\WeCloudSync\6.MI_PROJECTS\ANDROID_PROJECT\BTCSmartSteward\.gradle\4.1\fileHashes)" [_thread_blocked, id=12372, stack(0x000000001e8a0000,0x000000001e9a0000)]
  0x000000001b8f2800 JavaThread "File lock request listener" [_thread_in_native, id=9532, stack(0x000000001e7a0000,0x000000001e8a0000)]
  0x000000001b8f0000 JavaThread "Cache worker for file hash cache (C:\Users\Mi HD\.gradle\caches\4.1\fileHashes)" [_thread_blocked, id=4792, stack(0x000000001e6a0000,0x000000001e7a0000)]
  0x000000001b7cf000 JavaThread "Stdin handler" [_thread_blocked, id=5068, stack(0x000000001e3a0000,0x000000001e4a0000)]
  0x000000001be0a000 JavaThread "Asynchronous log dispatcher for DefaultDaemonConnection: socket connection from /127.0.0.1:2330 to /127.0.0.1:2331" [_thread_blocked, id=11044, stack(0x000000001e2a0000,0x000000001e3a0000)]
  0x000000001be03800 JavaThread "Daemon worker" [_thread_in_Java, id=8568, stack(0x000000001e1a0000,0x000000001e2a0000)]
  0x000000001c2d5000 JavaThread "Cancel handler" [_thread_blocked, id=11660, stack(0x000000001e0a0000,0x000000001e1a0000)]
  0x000000001b9e6800 JavaThread "Handler for socket connection from /127.0.0.1:2330 to /127.0.0.1:2331" [_thread_in_native, id=10348, stack(0x000000001dda0000,0x000000001dea0000)]
  0x000000001b7e9000 JavaThread "Daemon" [_thread_blocked, id=13876, stack(0x000000001dca0000,0x000000001dda0000)]
  0x000000001b923000 JavaThread "Daemon periodic checks" [_thread_blocked, id=10640, stack(0x000000001dba0000,0x000000001dca0000)]
  0x000000001b779800 JavaThread "Incoming local TCP Connector on port 2330" [_thread_in_native, id=6544, stack(0x000000001c580000,0x000000001c680000)]
  0x000000001a33a800 JavaThread "Service Thread" daemon [_thread_blocked, id=9292, stack(0x000000001abb0000,0x000000001acb0000)]
  0x000000001a2ba800 JavaThread "C1 CompilerThread2" daemon [_thread_in_native, id=14216, stack(0x000000001aab0000,0x000000001abb0000)]
  0x000000001a2ba000 JavaThread "C2 CompilerThread1" daemon [_thread_in_native, id=14064, stack(0x000000001a9b0000,0x000000001aab0000)]
=>0x0000000018f9b800 JavaThread "C2 CompilerThread0" daemon [_thread_in_native, id=6204, stack(0x000000001a8b0000,0x000000001a9b0000)]
  0x0000000018f4e800 JavaThread "Attach Listener" daemon [_thread_blocked, id=12940, stack(0x000000001a7b0000,0x000000001a8b0000)]
  0x0000000018f39000 JavaThread "Signal Dispatcher" daemon [_thread_blocked, id=11072, stack(0x000000001a6b0000,0x000000001a7b0000)]
  0x00000000055cb000 JavaThread "Finalizer" daemon [_thread_blocked, id=5668, stack(0x000000001a1b0000,0x000000001a2b0000)]
  0x0000000018f07000 JavaThread "Reference Handler" daemon [_thread_blocked, id=13004, stack(0x000000001a0b0000,0x000000001a1b0000)]
  0x00000000054cd800 JavaThread "main" [_thread_blocked, id=3920, stack(0x0000000005310000,0x0000000005410000)]

Other Threads:
  0x0000000018f06000 VMThread [stack: 0x0000000019fb0000,0x000000001a0b0000] [id=1400]
  0x000000001a33b000 WatcherThread [stack: 0x000000001acb0000,0x000000001adb0000] [id=8220]

VM state:not at safepoint (normal execution)

VM Mutex/Monitor currently owned by a thread: None

Heap:
 PSYoungGen      total 107008K, used 67092K [0x00000000e0000000, 0x00000000e7300000, 0x0000000100000000)
  eden space 96256K, 58% used [0x00000000e0000000,0x00000000e3705db8,0x00000000e5e00000)
  from space 10752K, 99% used [0x00000000e5e00000,0x00000000e687f500,0x00000000e6880000)
  to   space 9728K, 0% used [0x00000000e6980000,0x00000000e6980000,0x00000000e7300000)
 ParOldGen       total 65024K, used 19010K [0x00000000a0000000, 0x00000000a3f80000, 0x00000000e0000000)
  object space 65024K, 29% used [0x00000000a0000000,0x00000000a1290b28,0x00000000a3f80000)
 Metaspace       used 50909K, capacity 52683K, committed 52952K, reserved 1095680K
  class space    used 6867K, capacity 7355K, committed 7424K, reserved 1048576K

Card table byte_map: [0x0000000014990000,0x0000000014ca0000] byte_map_base: 0x0000000014490000

Marking Bits: (ParMarkBitMap*) 0x0000000056503950
 Begin Bits: [0x00000000152a0000, 0x0000000016aa0000)
 End Bits:   [0x0000000016aa0000, 0x00000000182a0000)

Polling page: 0x00000000033d0000

CodeCache: size=245760Kb used=18528Kb max_used=18898Kb free=227231Kb
 bounds [0x00000000055d0000, 0x0000000006870000, 0x00000000145d0000]
 total_blobs=6205 nmethods=5455 adapters=663
 compilation: enabled

Compilation events (10 events):
Event: 13.257 Thread 0x000000001a2ba800 6043       3       org.gradle.api.internal.artifacts.configurations.DefaultConfiguration::markAsModifiedAndNotifyChildren (60 bytes)
Event: 13.257 Thread 0x000000001a2ba800 nmethod 6043 0x0000000006154ed0 code [0x00000000061550a0, 0x0000000006155758]
Event: 13.257 Thread 0x000000001a2ba800 6039       3       org.gradle.api.internal.artifacts.dependencies.DefaultExternalModuleDependency_Decorated::getVersion (37 bytes)
Event: 13.258 Thread 0x000000001a2ba800 nmethod 6039 0x0000000006154250 code [0x0000000006154420, 0x0000000006154b48]
Event: 13.258 Thread 0x000000001a2ba800 6040       3       org.gradle.internal.MutableActionSet::execute (9 bytes)
Event: 13.258 Thread 0x000000001a2ba800 nmethod 6040 0x0000000005fb7450 code [0x0000000005fb75c0, 0x0000000005fb77e8]
Event: 13.258 Thread 0x000000001a2ba800 6042       3       org.gradle.api.internal.artifacts.ivyservice.moduleconverter.DefaultRootComponentMetadataBuilder$MetadataHolder::validateMutation (27 bytes)
Event: 13.258 Thread 0x000000001a2ba800 nmethod 6042 0x0000000005fc9210 code [0x0000000005fc9380, 0x0000000005fc95b0]
Event: 13.258 Thread 0x000000001a2ba800 6041       3       org.gradle.api.internal.DefaultDomainObjectCollection::<init> (35 bytes)
Event: 13.259 Thread 0x000000001a2ba800 nmethod 6041 0x0000000005fc8b90 code [0x0000000005fc8d20, 0x0000000005fc9088]

GC Heap History (10 events):
Event: 6.846 GC heap before
{Heap before GC invocations=7 (full 1):
 PSYoungGen      total 71680K, used 71663K [0x00000000e0000000, 0x00000000e7400000, 0x0000000100000000)
  eden space 66560K, 100% used [0x00000000e0000000,0x00000000e4100000,0x00000000e4100000)
  from space 5120K, 99% used [0x00000000e4100000,0x00000000e45fbc70,0x00000000e4600000)
  to   space 10752K, 0% used [0x00000000e6980000,0x00000000e6980000,0x00000000e7400000)
 ParOldGen       total 65024K, used 11351K [0x00000000a0000000, 0x00000000a3f80000, 0x00000000e0000000)
  object space 65024K, 17% used [0x00000000a0000000,0x00000000a0b15eb0,0x00000000a3f80000)
 Metaspace       used 30245K, capacity 30904K, committed 31232K, reserved 1077248K
  class space    used 4123K, capacity 4323K, committed 4352K, reserved 1048576K
Event: 6.857 GC heap after
Heap after GC invocations=7 (full 1):
 PSYoungGen      total 105984K, used 8479K [0x00000000e0000000, 0x00000000e7300000, 0x0000000100000000)
  eden space 96256K, 0% used [0x00000000e0000000,0x00000000e0000000,0x00000000e5e00000)
  from space 9728K, 87% used [0x00000000e6980000,0x00000000e71c7ec8,0x00000000e7300000)
  to   space 10752K, 0% used [0x00000000e5e00000,0x00000000e5e00000,0x00000000e6880000)
 ParOldGen       total 65024K, used 11431K [0x00000000a0000000, 0x00000000a3f80000, 0x00000000e0000000)
  object space 65024K, 17% used [0x00000000a0000000,0x00000000a0b29ec0,0x00000000a3f80000)
 Metaspace       used 30245K, capacity 30904K, committed 31232K, reserved 1077248K
  class space    used 4123K, capacity 4323K, committed 4352K, reserved 1048576K
}
Event: 8.174 GC heap before
{Heap before GC invocations=8 (full 1):
 PSYoungGen      total 105984K, used 64185K [0x00000000e0000000, 0x00000000e7300000, 0x0000000100000000)
  eden space 96256K, 57% used [0x00000000e0000000,0x00000000e3666848,0x00000000e5e00000)
  from space 9728K, 87% used [0x00000000e6980000,0x00000000e71c7ec8,0x00000000e7300000)
  to   space 10752K, 0% used [0x00000000e5e00000,0x00000000e5e00000,0x00000000e6880000)
 ParOldGen       total 65024K, used 11431K [0x00000000a0000000, 0x00000000a3f80000, 0x00000000e0000000)
  object space 65024K, 17% used [0x00000000a0000000,0x00000000a0b29ec0,0x00000000a3f80000)
 Metaspace       used 34432K, capacity 35273K, committed 35416K, reserved 1079296K
  class space    used 4678K, capacity 4957K, committed 4992K, reserved 1048576K
Event: 8.191 GC heap after
Heap after GC invocations=8 (full 1):
 PSYoungGen      total 107008K, used 9802K [0x00000000e0000000, 0x00000000e7300000, 0x0000000100000000)
  eden space 96256K, 0% used [0x00000000e0000000,0x00000000e0000000,0x00000000e5e00000)
  from space 10752K, 91% used [0x00000000e5e00000,0x00000000e6792b68,0x00000000e6880000)
  to   space 9728K, 0% used [0x00000000e6980000,0x00000000e6980000,0x00000000e7300000)
 ParOldGen       total 65024K, used 11439K [0x00000000a0000000, 0x00000000a3f80000, 0x00000000e0000000)
  object space 65024K, 17% used [0x00000000a0000000,0x00000000a0b2bec0,0x00000000a3f80000)
 Metaspace       used 34432K, capacity 35273K, committed 35416K, reserved 1079296K
  class space    used 4678K, capacity 4957K, committed 4992K, reserved 1048576K
}
Event: 8.191 GC heap before
{Heap before GC invocations=9 (full 2):
 PSYoungGen      total 107008K, used 9802K [0x00000000e0000000, 0x00000000e7300000, 0x0000000100000000)
  eden space 96256K, 0% used [0x00000000e0000000,0x00000000e0000000,0x00000000e5e00000)
  from space 10752K, 91% used [0x00000000e5e00000,0x00000000e6792b68,0x00000000e6880000)
  to   space 9728K, 0% used [0x00000000e6980000,0x00000000e6980000,0x00000000e7300000)
 ParOldGen       total 65024K, used 11439K [0x00000000a0000000, 0x00000000a3f80000, 0x00000000e0000000)
  object space 65024K, 17% used [0x00000000a0000000,0x00000000a0b2bec0,0x00000000a3f80000)
 Metaspace       used 34432K, capacity 35273K, committed 35416K, reserved 1079296K
  class space    used 4678K, capacity 4957K, committed 4992K, reserved 1048576K
Event: 8.290 GC heap after
Heap after GC invocations=9 (full 2):
 PSYoungGen      total 107008K, used 0K [0x00000000e0000000, 0x00000000e7300000, 0x0000000100000000)
  eden space 96256K, 0% used [0x00000000e0000000,0x00000000e0000000,0x00000000e5e00000)
  from space 10752K, 0% used [0x00000000e5e00000,0x00000000e5e00000,0x00000000e6880000)
  to   space 9728K, 0% used [0x00000000e6980000,0x00000000e6980000,0x00000000e7300000)
 ParOldGen       total 65024K, used 16018K [0x00000000a0000000, 0x00000000a3f80000, 0x00000000e0000000)
  object space 65024K, 24% used [0x00000000a0000000,0x00000000a0fa49e0,0x00000000a3f80000)
 Metaspace       used 34432K, capacity 35273K, committed 35416K, reserved 1079296K
  class space    used 4678K, capacity 4957K, committed 4992K, reserved 1048576K
}
Event: 9.772 GC heap before
{Heap before GC invocations=10 (full 2):
 PSYoungGen      total 107008K, used 96256K [0x00000000e0000000, 0x00000000e7300000, 0x0000000100000000)
  eden space 96256K, 100% used [0x00000000e0000000,0x00000000e5e00000,0x00000000e5e00000)
  from space 10752K, 0% used [0x00000000e5e00000,0x00000000e5e00000,0x00000000e6880000)
  to   space 9728K, 0% used [0x00000000e6980000,0x00000000e6980000,0x00000000e7300000)
 ParOldGen       total 65024K, used 16018K [0x00000000a0000000, 0x00000000a3f80000, 0x00000000e0000000)
  object space 65024K, 24% used [0x00000000a0000000,0x00000000a0fa49e0,0x00000000a3f80000)
 Metaspace       used 41025K, capacity 41987K, committed 42328K, reserved 1085440K
  class space    used 5459K, capacity 5752K, committed 5760K, reserved 1048576K
Event: 9.787 GC heap after
Heap after GC invocations=10 (full 2):
 PSYoungGen      total 105984K, used 9697K [0x00000000e0000000, 0x00000000e7300000, 0x0000000100000000)
  eden space 96256K, 0% used [0x00000000e0000000,0x00000000e0000000,0x00000000e5e00000)
  from space 9728K, 99% used [0x00000000e6980000,0x00000000e72f8768,0x00000000e7300000)
  to   space 10752K, 0% used [0x00000000e5e00000,0x00000000e5e00000,0x00000000e6880000)
 ParOldGen       total 65024K, used 16754K [0x00000000a0000000, 0x00000000a3f80000, 0x00000000e0000000)
  object space 65024K, 25% used [0x00000000a0000000,0x00000000a105c870,0x00000000a3f80000)
 Metaspace       used 41025K, capacity 41987K, committed 42328K, reserved 1085440K
  class space    used 5459K, capacity 5752K, committed 5760K, reserved 1048576K
}
Event: 12.220 GC heap before
{Heap before GC invocations=11 (full 2):
 PSYoungGen      total 105984K, used 105953K [0x00000000e0000000, 0x00000000e7300000, 0x0000000100000000)
  eden space 96256K, 100% used [0x00000000e0000000,0x00000000e5e00000,0x00000000e5e00000)
  from space 9728K, 99% used [0x00000000e6980000,0x00000000e72f8768,0x00000000e7300000)
  to   space 10752K, 0% used [0x00000000e5e00000,0x00000000e5e00000,0x00000000e6880000)
 ParOldGen       total 65024K, used 16754K [0x00000000a0000000, 0x00000000a3f80000, 0x00000000e0000000)
  object space 65024K, 25% used [0x00000000a0000000,0x00000000a105c870,0x00000000a3f80000)
 Metaspace       used 46460K, capacity 47565K, committed 47832K, reserved 1091584K
  class space    used 6189K, capacity 6546K, committed 6656K, reserved 1048576K
Event: 12.237 GC heap after
Heap after GC invocations=11 (full 2):
 PSYoungGen      total 107008K, used 10749K [0x00000000e0000000, 0x00000000e7300000, 0x0000000100000000)
  eden space 96256K, 0% used [0x00000000e0000000,0x00000000e0000000,0x00000000e5e00000)
  from space 10752K, 99% used [0x00000000e5e00000,0x00000000e687f500,0x00000000e6880000)
  to   space 9728K, 0% used [0x00000000e6980000,0x00000000e6980000,0x00000000e7300000)
 ParOldGen       total 65024K, used 19010K [0x00000000a0000000, 0x00000000a3f80000, 0x00000000e0000000)
  object space 65024K, 29% used [0x00000000a0000000,0x00000000a1290b28,0x00000000a3f80000)
 Metaspace       used 46460K, capacity 47565K, committed 47832K, reserved 1091584K
  class space    used 6189K, capacity 6546K, committed 6656K, reserved 1048576K
}

Deoptimization events (10 events):
Event: 11.135 Thread 0x000000001be03800 Uncommon trap: reason=unstable_if action=reinterpret pc=0x000000000616e340 method=java.lang.Integer.parseInt(Ljava/lang/String;I)I @ 197
Event: 11.143 Thread 0x000000001be03800 Uncommon trap: reason=unstable_if action=reinterpret pc=0x000000000650d824 method=com.sun.org.apache.xerces.internal.utils.XMLLimitAnalyzer.endEntity(Lcom/sun/org/apache/xerces/internal/utils/XMLSecurityManager$Limit;Ljava/lang/String;)V @ 17
Event: 12.238 Thread 0x00000000055cb000 Uncommon trap: reason=unstable_if action=reinterpret pc=0x0000000005a65c54 method=java.util.WeakHashMap.expungeStaleEntries()V @ 9
Event: 12.369 Thread 0x000000001be03800 Uncommon trap: reason=unstable_if action=reinterpret pc=0x00000000066ed340 method=java.util.regex.Pattern.compile()V @ 320
Event: 12.643 Thread 0x000000001be03800 Uncommon trap: reason=unstable_if action=reinterpret pc=0x0000000005ec6ac0 method=org.objectweb.asm.ByteVector.putUTF8(Ljava/lang/String;)Lorg/objectweb/asm/ByteVector; @ 91
Event: 12.705 Thread 0x000000001be03800 Uncommon trap: reason=unstable_if action=reinterpret pc=0x0000000005c08034 method=java.lang.String.lastIndexOf([CII[CIII)I @ 118
Event: 12.999 Thread 0x000000001be03800 Uncommon trap: reason=unstable_if action=reinterpret pc=0x000000000681d0b8 method=java.util.regex.Pattern$Branch.match(Ljava/util/regex/Matcher;ILjava/lang/CharSequence;)Z @ 35
Event: 13.074 Thread 0x000000001be03800 Uncommon trap: reason=unstable_if action=reinterpret pc=0x0000000005ec3f68 method=org.objectweb.asm.Type.getArgumentsAndReturnSizes(Ljava/lang/String;)I @ 47
Event: 13.074 Thread 0x000000001be03800 Uncommon trap: reason=unstable_if action=reinterpret pc=0x00000000063ac380 method=org.objectweb.asm.Type.getArgumentsAndReturnSizes(Ljava/lang/String;)I @ 47
Event: 13.245 Thread 0x000000001be03800 Uncommon trap: reason=unstable_if action=reinterpret pc=0x000000000644b7d8 method=java.util.TreeMap.put(Ljava/lang/Object;Ljava/lang/Object;)Ljava/lang/Object; @ 163

Classes redefined (0 events):
No events

Internal exceptions (10 events):
Event: 11.891 Thread 0x000000001be03800 Exception <a 'sun/nio/fs/WindowsException'> (0x00000000e41284f0) thrown at [D:\src\AOSP-openjdk-cygwin\jdk8u\hotspot\src\share\vm\prims\jni.cpp, line 709]
Event: 12.330 Thread 0x000000001be03800 Exception <a 'java/lang/NoSuchMethodError': java.lang.Object.lambda$comparing$77a9974f$1(Ljava/util/function/Function;Ljava/lang/Object;Ljava/lang/Object;)I> (0x00000000e0888d00) thrown at [D:\src\AOSP-openjdk-cygwin\jdk8u\hotspot\src\share\vm\interpreter
Event: 12.332 Thread 0x000000001be03800 Exception <a 'java/lang/NoSuchMethodError': java.lang.Object.lambda$thenComparing$36697e65$1(Ljava/util/Comparator;Ljava/lang/Object;Ljava/lang/Object;)I> (0x00000000e0894380) thrown at [D:\src\AOSP-openjdk-cygwin\jdk8u\hotspot\src\share\vm\interpreter\li
Event: 12.377 Thread 0x000000001be03800 Exception <a 'java/lang/NoSuchMethodError': java.lang.Object.lambda$maxBy$1(Ljava/util/Comparator;Ljava/lang/Object;Ljava/lang/Object;)Ljava/lang/Object;> (0x00000000e09f73b8) thrown at [D:\src\AOSP-openjdk-cygwin\jdk8u\hotspot\src\share\vm\interpreter\li
Event: 12.466 Thread 0x000000001be03800 Exception <a 'sun/nio/fs/WindowsException'> (0x00000000e0b16ea8) thrown at [D:\src\AOSP-openjdk-cygwin\jdk8u\hotspot\src\share\vm\prims\jni.cpp, line 709]
Event: 12.585 Thread 0x000000001be03800 Exception <a 'java/lang/ClassNotFoundException': org/gradle/api/plugins/BasePluginConventionBeanInfo> (0x00000000e109f340) thrown at [D:\src\AOSP-openjdk-cygwin\jdk8u\hotspot\src\share\vm\classfile\systemDictionary.cpp, line 210]
Event: 12.585 Thread 0x000000001be03800 Exception <a 'java/lang/ClassNotFoundException': org/gradle/api/plugins/BasePluginConventionCustomizer> (0x00000000e10bec40) thrown at [D:\src\AOSP-openjdk-cygwin\jdk8u\hotspot\src\share\vm\classfile\systemDictionary.cpp, line 210]
Event: 13.138 Thread 0x000000001be03800 Exception <a 'java/lang/NoSuchMethodError': java.lang.Object.lambda$static$0(Ljava/util/Set;Ljava/util/Set;)Z> (0x00000000e2d33290) thrown at [D:\src\AOSP-openjdk-cygwin\jdk8u\hotspot\src\share\vm\interpreter\linkResolver.cpp, line 584]
Event: 13.139 Thread 0x000000001be03800 Exception <a 'java/lang/NoSuchMethodError': java.lang.Object.lambda$static$1(Ljava/util/Set;Ljava/util/Set;)Z> (0x00000000e2d36018) thrown at [D:\src\AOSP-openjdk-cygwin\jdk8u\hotspot\src\share\vm\interpreter\linkResolver.cpp, line 584]
Event: 13.139 Thread 0x000000001be03800 Exception <a 'java/lang/NoSuchMethodError': java.lang.Object.lambda$static$2(Ljava/util/Set;Ljava/util/Set;)Z> (0x00000000e2d38970) thrown at [D:\src\AOSP-openjdk-cygwin\jdk8u\hotspot\src\share\vm\interpreter\linkResolver.cpp, line 584]

Events (10 events):
Event: 13.254 loading class org/gradle/api/DefaultTask
Event: 13.254 loading class org/gradle/api/DefaultTask done
Event: 13.254 loading class org/gradle/api/Action
Event: 13.254 loading class org/gradle/api/Action done
Event: 13.257 loading class com/android/build/gradle/internal/tasks/TestPreBuildTask$ConfigAction
Event: 13.257 loading class com/android/build/gradle/internal/tasks/TestPreBuildTask$ConfigAction done
Event: 13.257 loading class com/android/build/gradle/internal/tasks/TestPreBuildTask
Event: 13.257 loading class com/android/build/gradle/internal/tasks/TestPreBuildTask done
Event: 13.259 loading class org/gradle/api/tasks/CompileClasspath
Event: 13.259 loading class org/gradle/api/tasks/CompileClasspath done


Dynamic libraries:
0x00007ff654f10000 - 0x00007ff654f41000 	D:\Android\Android Studio\jre\bin\java.exe
0x00007ffa585b0000 - 0x00007ffa58790000 	C:\WINDOWS\SYSTEM32\ntdll.dll
0x00007ffa55ab0000 - 0x00007ffa55b5e000 	C:\WINDOWS\System32\KERNEL32.DLL
0x00007ffa54a30000 - 0x00007ffa54c96000 	C:\WINDOWS\System32\KERNELBASE.dll
0x00007ffa55da0000 - 0x00007ffa55e41000 	C:\WINDOWS\System32\ADVAPI32.dll
0x00007ffa56a30000 - 0x00007ffa56acd000 	C:\WINDOWS\System32\msvcrt.dll
0x00007ffa55fd0000 - 0x00007ffa5602b000 	C:\WINDOWS\System32\sechost.dll
0x00007ffa55e50000 - 0x00007ffa55f6f000 	C:\WINDOWS\System32\RPCRT4.dll
0x00007ffa56230000 - 0x00007ffa563bf000 	C:\WINDOWS\System32\USER32.dll
0x00007ffa54ca0000 - 0x00007ffa54cc0000 	C:\WINDOWS\System32\win32u.dll
0x00007ffa561a0000 - 0x00007ffa561c8000 	C:\WINDOWS\System32\GDI32.dll
0x00007ffa556e0000 - 0x00007ffa55873000 	C:\WINDOWS\System32\gdi32full.dll
0x00007ffa559e0000 - 0x00007ffa55a7b000 	C:\WINDOWS\System32\msvcp_win.dll
0x00007ffa54cc0000 - 0x00007ffa54db6000 	C:\WINDOWS\System32\ucrtbase.dll
0x00007ffa459c0000 - 0x00007ffa45c29000 	C:\WINDOWS\WinSxS\amd64_microsoft.windows.common-controls_6595b64144ccf1df_6.0.16299.309_none_15cfd4c4935e6b11\COMCTL32.dll
0x00007ffa56c50000 - 0x00007ffa56f58000 	C:\WINDOWS\System32\combase.dll
0x00007ffa549b0000 - 0x00007ffa54a22000 	C:\WINDOWS\System32\bcryptPrimitives.dll
0x00007ffa55a80000 - 0x00007ffa55aad000 	C:\WINDOWS\System32\IMM32.DLL
0x0000000055b80000 - 0x0000000055c52000 	D:\Android\Android Studio\jre\jre\bin\msvcr100.dll
0x0000000055d40000 - 0x000000005657e000 	D:\Android\Android Studio\jre\jre\bin\server\jvm.dll
0x00007ffa58570000 - 0x00007ffa58578000 	C:\WINDOWS\System32\PSAPI.DLL
0x00007ffa4f420000 - 0x00007ffa4f443000 	C:\WINDOWS\SYSTEM32\WINMM.dll
0x00007ffa49a30000 - 0x00007ffa49a3a000 	C:\WINDOWS\SYSTEM32\VERSION.dll
0x00007ffa431d0000 - 0x00007ffa431d9000 	C:\WINDOWS\SYSTEM32\WSOCK32.dll
0x00007ffa56ad0000 - 0x00007ffa56b3c000 	C:\WINDOWS\System32\WS2_32.dll
0x00007ffa4f3f0000 - 0x00007ffa4f41a000 	C:\WINDOWS\SYSTEM32\WINMMBASE.dll
0x00007ffa55990000 - 0x00007ffa559da000 	C:\WINDOWS\System32\cfgmgr32.dll
0x00007ffa51980000 - 0x00007ffa5198f000 	D:\Android\Android Studio\jre\jre\bin\verify.dll
0x00007ffa50000000 - 0x00007ffa50029000 	D:\Android\Android Studio\jre\jre\bin\java.dll
0x00007ffa4fef0000 - 0x00007ffa4ff06000 	D:\Android\Android Studio\jre\jre\bin\zip.dll
0x00007ffa56f60000 - 0x00007ffa58396000 	C:\WINDOWS\System32\SHELL32.dll
0x00007ffa58400000 - 0x00007ffa584a6000 	C:\WINDOWS\System32\shcore.dll
0x00007ffa54dc0000 - 0x00007ffa55507000 	C:\WINDOWS\System32\windows.storage.dll
0x00007ffa583a0000 - 0x00007ffa583f1000 	C:\WINDOWS\System32\shlwapi.dll
0x00007ffa54990000 - 0x00007ffa549a1000 	C:\WINDOWS\System32\kernel.appcore.dll
0x00007ffa54900000 - 0x00007ffa5494c000 	C:\WINDOWS\System32\powrprof.dll
0x00007ffa54970000 - 0x00007ffa5498b000 	C:\WINDOWS\System32\profapi.dll
0x00007ffa4faa0000 - 0x00007ffa4faba000 	D:\Android\Android Studio\jre\jre\bin\net.dll
0x00007ffa54190000 - 0x00007ffa541f6000 	C:\WINDOWS\system32\mswsock.dll
0x00007ffa49790000 - 0x00007ffa497a1000 	D:\Android\Android Studio\jre\jre\bin\nio.dll
0x00007ffa456d0000 - 0x00007ffa456ee000 	C:\Users\Mi HD\.gradle\native\25\windows-amd64\native-platform.dll
0x00007ffa4fee0000 - 0x00007ffa4feed000 	D:\Android\Android Studio\jre\jre\bin\management.dll
0x00007ffa54350000 - 0x00007ffa54367000 	C:\WINDOWS\SYSTEM32\CRYPTSP.dll
0x00007ffa53d90000 - 0x00007ffa53dc3000 	C:\WINDOWS\system32\rsaenh.dll
0x00007ffa54460000 - 0x00007ffa54485000 	C:\WINDOWS\SYSTEM32\bcrypt.dll
0x00007ffa54800000 - 0x00007ffa54829000 	C:\WINDOWS\SYSTEM32\USERENV.dll
0x00007ffa54370000 - 0x00007ffa5437b000 	C:\WINDOWS\SYSTEM32\CRYPTBASE.dll
0x00007ffa53f20000 - 0x00007ffa53f59000 	C:\WINDOWS\SYSTEM32\IPHLPAPI.DLL
0x00007ffa55b60000 - 0x00007ffa55b68000 	C:\WINDOWS\System32\NSI.dll
0x00007ffa4d640000 - 0x00007ffa4d656000 	C:\WINDOWS\SYSTEM32\dhcpcsvc6.DLL
0x00007ffa4d5e0000 - 0x00007ffa4d5fa000 	C:\WINDOWS\SYSTEM32\dhcpcsvc.DLL

VM Arguments:
jvm_args: -Xmx1536m -Dfile.encoding=GBK -Duser.country=CN -Duser.language=zh -Duser.variant 
java_command: org.gradle.launcher.daemon.bootstrap.GradleDaemon 4.1
java_class_path (initial): C:\Users\Mi HD\.gradle\wrapper\dists\gradle-4.1-all\bzyivzo6n839fup2jbap0tjew\gradle-4.1\lib\gradle-launcher-4.1.jar
Launcher Type: SUN_STANDARD

Environment Variables:
JAVA_HOME=C:\Program Files\Java\jdk1.8.0_144
CLASSPATH=.;C:\Program Files\Java\jdk1.8.0_144/lib/dt.jar;C:\Program Files\Java\jdk1.8.0_144/lib/tools.jar;D:\apache-tomcat-7.0.85\\BIN
PATH=C:\Python36\Scripts\;C:\Python36\;C:\ProgramData\Oracle\Java\javapath;C:\Windows\system32;C:\Windows;C:\Windows\System32\Wbem;C:\Windows\System32\WindowsPowerShell\v1.0\;C:\Users\Mi HD\.dnx\bin;C:\Program Files\Microsoft DNX\Dnvm\;C:\Program Files (x86)\Windows Kits\8.1\Windows Performance Toolkit\;C:\Program Files\Microsoft SQL Server\130\Tools\Binn\;C:\Users\Mi HD\AppData\Local\Microsoft\WindowsApps;C:\adb;D:\UltraEdit;C:\Program Files\IDM Computer Solutions\UltraCompare;C:\WINDOWS\system32;C:\WINDOWS;C:\WINDOWS\System32\Wbem;C:\WINDOWS\System32\WindowsPowerShell\v1.0\;c:\iverilog\bin;c:\iverilog\gtkwave\bin;D:\Android\sdk\platform-tools;C:\Program Files\Git\cmd;C:\Program Files\Java\jdk1.8.0_144\bin;C:\Program Files\Java\jdk1.8.0_144\jre;C:\Program Files\MySQL\MySQL Utilities 1.6\;C:\Program Files\MySQL\MySQL Server 5.7\bin;D:\MASM;D:\ModelSim\win32pe;d:\modeltech_pe_10.4c\win32pe;C:\modeltech_pe_10.4c\win32pe;C:\Program Files\Java\jdk1.8.0_144\bin;C:\Users\Mi HD\AppData\Local\Microsoft\WindowsApps;D:\Android\sdk\platform-tools;
USERNAME=Mi HD
OS=Windows_NT
PROCESSOR_IDENTIFIER=Intel64 Family 6 Model 61 Stepping 4, GenuineIntel



---------------  S Y S T E M  ---------------

OS: Windows 10.0 , 64 bit Build 16299 (10.0.16299.15)

CPU:total 4 (initial active 4) (2 cores per cpu, 2 threads per core) family 6 model 61 stepping 4, cmov, cx8, fxsr, mmx, sse, sse2, sse3, ssse3, sse4.1, sse4.2, popcnt, avx, avx2, aes, clmul, erms, 3dnowpref, lzcnt, ht, tsc, tscinvbit, bmi1, bmi2, adx

Memory: 4k page, physical 8303840k(415332k free), swap 12600544k(4600k free)

vm_info: OpenJDK 64-Bit Server VM (25.152-b01) for windows-amd64 JRE (1.8.0_152-release-915-b01), built by "builder" with MS VC++ 10.0 (VS2010)

time: Tue Mar 20 22:13:32 2018
elapsed time: 13 seconds (0d 0h 0m 13s)

